TN:
SF:src/api/index.js
FN:25,getAll
FN:29,getSummary
FN:33,submit
FN:38,sendEmail
FN:39,sendWhatsApp
FN:44,book
FNF:6
FNH:6
FNDA:1,getAll
FNDA:1,getSummary
FNDA:1,submit
FNDA:1,sendEmail
FNDA:1,sendWhatsApp
FNDA:1,book
DA:1,1
DA:2,1
DA:3,1
DA:4,1
DA:5,1
DA:6,1
DA:7,1
DA:8,1
DA:9,1
DA:10,1
DA:11,1
DA:12,1
DA:13,1
DA:14,1
DA:15,1
DA:16,1
DA:17,1
DA:18,1
DA:19,1
DA:20,1
DA:21,1
DA:22,1
DA:23,1
DA:24,1
DA:25,1
DA:26,1
DA:27,1
DA:28,1
DA:29,1
DA:30,1
DA:31,1
DA:32,1
DA:33,1
DA:34,1
DA:35,1
DA:36,1
DA:37,1
DA:38,1
DA:39,1
DA:40,1
DA:41,1
DA:42,1
DA:43,1
DA:44,1
DA:45,1
LF:45
LH:45
BRDA:7,0,0,0
BRDA:11,1,0,0
BRDA:15,2,0,0
BRDA:25,3,0,1
BRDA:25,4,0,1
BRDA:29,5,0,1
BRDA:29,6,0,1
BRDA:33,7,0,1
BRDA:33,8,0,1
BRDA:38,9,0,1
BRDA:38,10,0,1
BRDA:39,11,0,1
BRDA:39,12,0,1
BRDA:44,13,0,1
BRDA:44,14,0,1
BRF:15
BRH:12
end_of_record
TN:
SF:src/constants/brochures.js
FN:17,getBrochureUrl
FNF:1
FNH:1
FNDA:9,getBrochureUrl
DA:1,1
DA:2,1
DA:3,1
DA:4,1
DA:5,1
DA:6,1
DA:7,1
DA:8,1
DA:9,1
DA:10,1
DA:11,1
DA:12,1
DA:13,1
DA:14,1
DA:15,1
DA:16,1
DA:17,1
DA:18,9
DA:19,9
LF:19
LH:19
BRDA:17,0,0,9
BRDA:18,1,0,5
BRDA:18,2,0,1
BRF:3
BRH:3
end_of_record
TN:
SF:src/constants/config.js
FNF:0
FNH:0
DA:1,1
DA:2,1
DA:3,1
DA:4,1
DA:5,1
DA:6,1
DA:7,1
DA:8,1
DA:9,1
DA:10,1
DA:11,1
DA:12,1
DA:13,1
DA:14,1
DA:15,1
DA:16,1
DA:17,1
DA:18,1
DA:19,1
LF:19
LH:19
BRF:0
BRH:0
end_of_record
TN:
SF:src/constants/facingMap.js
FN:83,computeFacings
FN:96,getFacingRows
FNF:2
FNH:2
FNDA:8,computeFacings
FNDA:6,getFacingRows
DA:1,1
DA:2,1
DA:3,1
DA:4,1
DA:5,1
DA:6,1
DA:7,1
DA:8,1
DA:9,1
DA:10,1
DA:11,1
DA:12,1
DA:13,1
DA:14,1
DA:15,1
DA:16,1
DA:17,1
DA:18,1
DA:19,1
DA:20,1
DA:21,1
DA:22,1
DA:23,1
DA:24,1
DA:25,1
DA:26,1
DA:27,1
DA:28,1
DA:29,1
DA:30,1
DA:31,1
DA:32,1
DA:33,1
DA:34,1
DA:35,1
DA:36,1
DA:37,1
DA:38,1
DA:39,1
DA:40,1
DA:41,1
DA:42,1
DA:43,1
DA:44,1
DA:45,1
DA:46,1
DA:47,1
DA:48,1
DA:49,1
DA:50,1
DA:51,1
DA:52,1
DA:53,1
DA:54,1
DA:55,1
DA:56,1
DA:57,1
DA:58,1
DA:59,1
DA:60,1
DA:61,1
DA:62,1
DA:63,1
DA:64,1
DA:65,1
DA:66,1
DA:67,1
DA:68,1
DA:69,1
DA:70,1
DA:71,1
DA:72,1
DA:73,1
DA:74,1
DA:75,1
DA:76,1
DA:77,1
DA:78,1
DA:79,1
DA:80,1
DA:81,1
DA:82,1
DA:83,1
DA:84,8
DA:85,8
DA:86,19
DA:87,19
DA:88,8
DA:89,8
DA:90,8
DA:91,1
DA:92,1
DA:93,1
DA:94,1
DA:95,1
DA:96,1
DA:97,6
DA:98,6
DA:99,6
DA:100,7
DA:101,7
DA:102,7
DA:103,6
DA:104,6
DA:105,6
LF:105
LH:105
BRDA:83,0,0,8
BRDA:85,1,0,19
BRDA:86,2,0,17
BRDA:87,3,0,15
BRDA:87,4,0,12
BRDA:96,5,0,6
BRDA:98,6,0,8
BRDA:99,7,0,7
BRDA:104,8,0,5
BRF:9
BRH:9
end_of_record
TN:
SF:src/hooks/useData.js
FN:5,useContent
FN:13,usePlotSummary
FN:21,useSubmitLead
FN:24,onSuccess
FN:25,onError
FNF:5
FNH:5
FNDA:2,useContent
FNDA:2,usePlotSummary
FNDA:5,useSubmitLead
FNDA:1,onSuccess
FNDA:2,onError
DA:1,1
DA:2,1
DA:3,1
DA:4,1
DA:5,1
DA:6,2
DA:7,2
DA:8,2
DA:9,2
DA:10,2
DA:11,2
DA:12,1
DA:13,1
DA:14,2
DA:15,2
DA:16,2
DA:17,2
DA:18,2
DA:19,2
DA:20,1
DA:21,1
DA:22,5
DA:23,5
DA:24,5
DA:25,5
DA:26,5
DA:27,5
LF:27
LH:27
BRDA:5,0,0,2
BRDA:13,1,0,2
BRDA:21,2,0,5
BRDA:24,3,0,1
BRDA:25,4,0,2
BRDA:25,5,0,1
BRDA:25,6,0,1
BRF:7
BRH:7
end_of_record
TN:
SF:src/utils/security.js
FN:25,isSafeExternalUrl
FN:43,safeOpenExternal
FN:61,openWhatsApp
FN:71,openMaps
FNF:4
FNH:4
FNDA:18,isSafeExternalUrl
FNDA:7,safeOpenExternal
FNDA:2,openWhatsApp
FNDA:2,openMaps
DA:1,1
DA:2,1
DA:3,1
DA:4,1
DA:5,1
DA:6,1
DA:7,1
DA:8,1
DA:9,1
DA:10,1
DA:11,1
DA:12,1
DA:13,1
DA:14,1
DA:15,1
DA:16,1
DA:17,1
DA:18,1
DA:19,1
DA:20,1
DA:21,1
DA:22,1
DA:23,1
DA:24,1
DA:25,1
DA:26,18
DA:27,15
DA:28,15
DA:29,1
DA:30,1
DA:31,1
DA:32,1
DA:33,1
DA:34,1
DA:35,1
DA:36,1
DA:37,1
DA:38,1
DA:39,1
DA:40,1
DA:41,1
DA:42,1
DA:43,1
DA:44,7
DA:45,3
DA:46,3
DA:47,3
DA:48,3
DA:49,3
DA:50,3
DA:51,3
DA:52,4
DA:53,4
DA:54,1
DA:55,1
DA:56,1
DA:57,1
DA:58,1
DA:59,1
DA:60,1
DA:61,1
DA:62,2
DA:63,2
DA:64,2
DA:65,1
DA:66,1
DA:67,1
DA:68,1
DA:69,1
DA:70,1
DA:71,1
DA:72,2
DA:73,2
LF:73
LH:73
BRDA:25,0,0,18
BRDA:26,1,0,16
BRDA:26,2,0,3
BRDA:26,3,0,15
BRDA:27,4,0,43
BRDA:43,5,0,7
BRDA:44,6,0,3
BRDA:51,7,0,4
BRDA:61,8,0,2
BRDA:71,9,0,2
BRF:10
BRH:10
end_of_record
